<?xml version="1.0" encoding="UTF-8"?>
<testng-results ignored="0" total="2" passed="2" failed="0" skipped="0">
  <reporter-output>
  </reporter-output>
  <suite started-at="2022-07-29T03:22:49 IST" name="Default suite" finished-at="2022-07-29T03:22:49 IST" duration-ms="130">
    <groups>
    </groups>
    <test started-at="2022-07-29T03:22:49 IST" name="Default test" finished-at="2022-07-29T03:22:49 IST" duration-ms="130">
      <class name="rcb.team.Validate">
        <test-method is-config="true" signature="readfile()[pri:0, instance:rcb.team.Validate@7642df8f]" started-at="2022-07-29T03:22:48 IST" name="readfile" finished-at="2022-07-29T03:22:49 IST" duration-ms="159" status="PASS">
          <reporter-output>
          </reporter-output>
        </test-method> <!-- readfile -->
        <test-method signature="foreignPlayersCount()[pri:0, instance:rcb.team.Validate@7642df8f]" started-at="2022-07-29T03:22:49 IST" name="foreignPlayersCount" finished-at="2022-07-29T03:22:49 IST" duration-ms="25" status="PASS">
          <reporter-output>
          </reporter-output>
        </test-method> <!-- foreignPlayersCount -->
        <test-method signature="wicketKeeperCount()[pri:1, instance:rcb.team.Validate@7642df8f]" started-at="2022-07-29T03:22:49 IST" name="wicketKeeperCount" finished-at="2022-07-29T03:22:49 IST" duration-ms="5" status="PASS">
          <reporter-output>
          </reporter-output>
        </test-method> <!-- wicketKeeperCount -->
      </class> <!-- rcb.team.Validate -->
    </test> <!-- Default test -->
  </suite> <!-- Default suite -->
</testng-results>
