<?xml version="1.0" encoding="UTF-8"?>
<testng-results ignored="0" total="2" passed="2" failed="0" skipped="0">
  <reporter-output>
  </reporter-output>
  <suite started-at="2022-07-27T03:28:14 IST" name="Default suite" finished-at="2022-07-27T03:28:14 IST" duration-ms="160">
    <groups>
    </groups>
    <test started-at="2022-07-27T03:28:14 IST" name="Default test" finished-at="2022-07-27T03:28:14 IST" duration-ms="160">
      <class name="rcb.team.Validate">
        <test-method is-config="true" signature="readfile()[pri:0, instance:rcb.team.Validate@76908cc0]" started-at="2022-07-27T03:28:14 IST" name="readfile" finished-at="2022-07-27T03:28:14 IST" duration-ms="63" status="PASS">
          <reporter-output>
          </reporter-output>
        </test-method> <!-- readfile -->
        <test-method signature="foreignPlayers()[pri:0, instance:rcb.team.Validate@76908cc0]" started-at="2022-07-27T03:28:14 IST" name="foreignPlayers" finished-at="2022-07-27T03:28:14 IST" duration-ms="22" status="PASS">
          <reporter-output>
          </reporter-output>
        </test-method> <!-- foreignPlayers -->
        <test-method signature="wicketKeeper()[pri:0, instance:rcb.team.Validate@76908cc0]" started-at="2022-07-27T03:28:14 IST" name="wicketKeeper" finished-at="2022-07-27T03:28:14 IST" duration-ms="7" status="PASS">
          <reporter-output>
          </reporter-output>
        </test-method> <!-- wicketKeeper -->
      </class> <!-- rcb.team.Validate -->
    </test> <!-- Default test -->
  </suite> <!-- Default suite -->
</testng-results>
